2022-09-03 09:32:55.565  INFO 11284 --- [restartedMain] com.HealthyWaveApplication               : Starting HealthyWaveApplication using Java 17.0.3 on Mittal_Kumar with PID 11284 (D:\sts\HealthyWave\target\classes started by mitta in D:\sts\HealthyWave)
2022-09-03 09:32:55.570  INFO 11284 --- [restartedMain] com.HealthyWaveApplication               : No active profile set, falling back to 1 default profile: "default"
2022-09-03 09:32:55.695  INFO 11284 --- [restartedMain] .e.DevToolsPropertyDefaultsPostProcessor : Devtools property defaults active! Set 'spring.devtools.add-properties' to 'false' to disable
2022-09-03 09:32:55.695  INFO 11284 --- [restartedMain] .e.DevToolsPropertyDefaultsPostProcessor : For additional web related logging consider setting the 'logging.level.web' property to 'DEBUG'
2022-09-03 09:32:57.724  INFO 11284 --- [restartedMain] .s.d.r.c.RepositoryConfigurationDelegate : Bootstrapping Spring Data JPA repositories in DEFAULT mode.
2022-09-03 09:32:57.984  INFO 11284 --- [restartedMain] .s.d.r.c.RepositoryConfigurationDelegate : Finished Spring Data repository scanning in 238 ms. Found 13 JPA repository interfaces.
2022-09-03 09:32:59.024  INFO 11284 --- [restartedMain] o.s.b.w.embedded.tomcat.TomcatWebServer  : Tomcat initialized with port(s): 9996 (http)
2022-09-03 09:32:59.042  INFO 11284 --- [restartedMain] o.apache.catalina.core.StandardService   : Starting service [Tomcat]
2022-09-03 09:32:59.042  INFO 11284 --- [restartedMain] org.apache.catalina.core.StandardEngine  : Starting Servlet engine: [Apache Tomcat/9.0.65]
2022-09-03 09:32:59.165  INFO 11284 --- [restartedMain] o.a.c.c.C.[Tomcat].[localhost].[/]       : Initializing Spring embedded WebApplicationContext
2022-09-03 09:32:59.165  INFO 11284 --- [restartedMain] w.s.c.ServletWebServerApplicationContext : Root WebApplicationContext: initialization completed in 3468 ms
2022-09-03 09:32:59.401  INFO 11284 --- [restartedMain] o.hibernate.jpa.internal.util.LogHelper  : HHH000204: Processing PersistenceUnitInfo [name: default]
2022-09-03 09:32:59.535  INFO 11284 --- [restartedMain] org.hibernate.Version                    : HHH000412: Hibernate ORM core version 5.6.10.Final
2022-09-03 09:32:59.849  INFO 11284 --- [restartedMain] o.hibernate.annotations.common.Version   : HCANN000001: Hibernate Commons Annotations {5.1.2.Final}
2022-09-03 09:33:00.052  INFO 11284 --- [restartedMain] com.zaxxer.hikari.HikariDataSource       : HikariPool-1 - Starting...
2022-09-03 09:33:00.321  INFO 11284 --- [restartedMain] com.zaxxer.hikari.HikariDataSource       : HikariPool-1 - Start completed.
2022-09-03 09:33:00.362  INFO 11284 --- [restartedMain] org.hibernate.dialect.Dialect            : HHH000400: Using dialect: org.hibernate.dialect.PostgreSQLDialect
2022-09-03 09:33:02.156  INFO 11284 --- [restartedMain] o.h.e.t.j.p.i.JtaPlatformInitiator       : HHH000490: Using JtaPlatform implementation: [org.hibernate.engine.transaction.jta.platform.internal.NoJtaPlatform]
2022-09-03 09:33:02.175  INFO 11284 --- [restartedMain] j.LocalContainerEntityManagerFactoryBean : Initialized JPA EntityManagerFactory for persistence unit 'default'
2022-09-03 09:33:03.219  INFO 11284 --- [restartedMain] com.seed.Roleseed                        : Roled Already Added....
2022-09-03 09:33:03.272  WARN 11284 --- [restartedMain] JpaBaseConfiguration$JpaWebConfiguration : spring.jpa.open-in-view is enabled by default. Therefore, database queries may be performed during view rendering. Explicitly configure spring.jpa.open-in-view to disable this warning
2022-09-03 09:33:03.451 DEBUG 11284 --- [restartedMain] s.w.s.m.m.a.RequestMappingHandlerAdapter : ControllerAdvice beans: 0 @ModelAttribute, 0 @InitBinder, 1 RequestBodyAdvice, 1 ResponseBodyAdvice
2022-09-03 09:33:03.600 DEBUG 11284 --- [restartedMain] s.w.s.m.m.a.RequestMappingHandlerMapping : 60 mappings in 'requestMappingHandlerMapping'
2022-09-03 09:33:03.630 DEBUG 11284 --- [restartedMain] o.s.w.s.handler.SimpleUrlHandlerMapping  : Patterns [/webjars/**, /**] in 'resourceHandlerMapping'
2022-09-03 09:33:03.643 DEBUG 11284 --- [restartedMain] .m.m.a.ExceptionHandlerExceptionResolver : ControllerAdvice beans: 0 @ExceptionHandler, 1 ResponseBodyAdvice
2022-09-03 09:33:03.787  INFO 11284 --- [restartedMain] o.s.b.d.a.OptionalLiveReloadServer       : LiveReload server is running on port 35729
2022-09-03 09:33:03.857  INFO 11284 --- [restartedMain] o.s.b.w.embedded.tomcat.TomcatWebServer  : Tomcat started on port(s): 9996 (http) with context path ''
2022-09-03 09:33:03.871  INFO 11284 --- [restartedMain] com.HealthyWaveApplication               : Started HealthyWaveApplication in 8.953 seconds (JVM running for 10.355)
2022-09-03 09:35:45.506  INFO 11284 --- [http-nio-9996-exec-2] o.a.c.c.C.[Tomcat].[localhost].[/]       : Initializing Spring DispatcherServlet 'dispatcherServlet'
2022-09-03 09:35:45.507  INFO 11284 --- [http-nio-9996-exec-2] o.s.web.servlet.DispatcherServlet        : Initializing Servlet 'dispatcherServlet'
2022-09-03 09:35:45.507 DEBUG 11284 --- [http-nio-9996-exec-2] o.s.web.servlet.DispatcherServlet        : Detected StandardServletMultipartResolver
2022-09-03 09:35:45.507 DEBUG 11284 --- [http-nio-9996-exec-2] o.s.web.servlet.DispatcherServlet        : Detected AcceptHeaderLocaleResolver
2022-09-03 09:35:45.508 DEBUG 11284 --- [http-nio-9996-exec-2] o.s.web.servlet.DispatcherServlet        : Detected FixedThemeResolver
2022-09-03 09:35:45.511 DEBUG 11284 --- [http-nio-9996-exec-2] o.s.web.servlet.DispatcherServlet        : Detected org.springframework.web.servlet.view.DefaultRequestToViewNameTranslator@db14b1f
2022-09-03 09:35:45.512 DEBUG 11284 --- [http-nio-9996-exec-2] o.s.web.servlet.DispatcherServlet        : Detected org.springframework.web.servlet.support.SessionFlashMapManager@142147f6
2022-09-03 09:35:45.512 DEBUG 11284 --- [http-nio-9996-exec-2] o.s.web.servlet.DispatcherServlet        : enableLoggingRequestDetails='false': request parameters and headers will be masked to prevent unsafe logging of potentially sensitive data
2022-09-03 09:35:45.512  INFO 11284 --- [http-nio-9996-exec-2] o.s.web.servlet.DispatcherServlet        : Completed initialization in 5 ms
2022-09-03 09:35:45.533 DEBUG 11284 --- [http-nio-9996-exec-2] o.s.web.servlet.DispatcherServlet        : GET "/doctor", parameters={}
2022-09-03 09:35:45.553 DEBUG 11284 --- [http-nio-9996-exec-2] s.w.s.m.m.a.RequestMappingHandlerMapping : Mapped to com.controller.DoctorController#getAllDoctors()
2022-09-03 09:35:45.812 DEBUG 11284 --- [http-nio-9996-exec-2] o.s.w.s.m.m.a.HttpEntityMethodProcessor  : Using 'application/json', given [*/*] and supported [application/json, application/*+json, application/json, application/*+json]
2022-09-03 09:35:45.814 DEBUG 11284 --- [http-nio-9996-exec-2] o.s.w.s.m.m.a.HttpEntityMethodProcessor  : Writing [com.bean.ResponseBean@58f4fdc7]
2022-09-03 09:35:45.873 DEBUG 11284 --- [http-nio-9996-exec-2] o.s.web.servlet.DispatcherServlet        : Completed 200 OK
2022-09-03 09:40:12.920  INFO 11284 --- [File Watcher] rtingClassPathChangeChangedEventListener : Restarting due to 1 class path change (0 additions, 0 deletions, 1 modification)
2022-09-03 09:40:12.951  INFO 11284 --- [Thread-5] o.apache.catalina.core.StandardService   : Stopping service [Tomcat]
2022-09-03 09:40:12.953  INFO 11284 --- [Thread-5] o.a.c.c.C.[Tomcat].[localhost].[/]       : Destroying Spring FrameworkServlet 'dispatcherServlet'
2022-09-03 09:40:12.980  INFO 11284 --- [Thread-5] j.LocalContainerEntityManagerFactoryBean : Closing JPA EntityManagerFactory for persistence unit 'default'
2022-09-03 09:40:12.985  INFO 11284 --- [Thread-5] com.zaxxer.hikari.HikariDataSource       : HikariPool-1 - Shutdown initiated...
2022-09-03 09:40:12.990  INFO 11284 --- [Thread-5] com.zaxxer.hikari.HikariDataSource       : HikariPool-1 - Shutdown completed.
2022-09-03 09:40:13.137  INFO 11284 --- [restartedMain] com.HealthyWaveApplication               : info :-> hey server is started? 
2022-09-03 09:40:13.137 ERROR 11284 --- [restartedMain] com.HealthyWaveApplication               : error :-> port error found ..... Please correct....
2022-09-03 09:40:13.243  INFO 11284 --- [restartedMain] com.HealthyWaveApplication               : Starting HealthyWaveApplication using Java 17.0.3 on Mittal_Kumar with PID 11284 (D:\sts\HealthyWave\target\classes started by mitta in D:\sts\HealthyWave)
2022-09-03 09:40:13.244  INFO 11284 --- [restartedMain] com.HealthyWaveApplication               : No active profile set, falling back to 1 default profile: "default"
2022-09-03 09:40:14.036  INFO 11284 --- [restartedMain] .s.d.r.c.RepositoryConfigurationDelegate : Bootstrapping Spring Data JPA repositories in DEFAULT mode.
2022-09-03 09:40:14.241  INFO 11284 --- [restartedMain] .s.d.r.c.RepositoryConfigurationDelegate : Finished Spring Data repository scanning in 204 ms. Found 13 JPA repository interfaces.
2022-09-03 09:40:14.413  INFO 11284 --- [restartedMain] o.s.b.w.embedded.tomcat.TomcatWebServer  : Tomcat initialized with port(s): 9996 (http)
2022-09-03 09:40:14.414  INFO 11284 --- [restartedMain] o.apache.catalina.core.StandardService   : Starting service [Tomcat]
2022-09-03 09:40:14.415  INFO 11284 --- [restartedMain] org.apache.catalina.core.StandardEngine  : Starting Servlet engine: [Apache Tomcat/9.0.65]
2022-09-03 09:40:14.445  INFO 11284 --- [restartedMain] o.a.c.c.C.[Tomcat].[localhost].[/]       : Initializing Spring embedded WebApplicationContext
2022-09-03 09:40:14.445  INFO 11284 --- [restartedMain] w.s.c.ServletWebServerApplicationContext : Root WebApplicationContext: initialization completed in 1193 ms
2022-09-03 09:40:14.525  INFO 11284 --- [restartedMain] o.hibernate.jpa.internal.util.LogHelper  : HHH000204: Processing PersistenceUnitInfo [name: default]
2022-09-03 09:40:14.536  INFO 11284 --- [restartedMain] com.zaxxer.hikari.HikariDataSource       : HikariPool-2 - Starting...
2022-09-03 09:40:14.767  INFO 11284 --- [restartedMain] com.zaxxer.hikari.HikariDataSource       : HikariPool-2 - Start completed.
2022-09-03 09:40:14.768  INFO 11284 --- [restartedMain] org.hibernate.dialect.Dialect            : HHH000400: Using dialect: org.hibernate.dialect.PostgreSQLDialect
2022-09-03 09:40:15.534  INFO 11284 --- [restartedMain] o.h.e.t.j.p.i.JtaPlatformInitiator       : HHH000490: Using JtaPlatform implementation: [org.hibernate.engine.transaction.jta.platform.internal.NoJtaPlatform]
2022-09-03 09:40:15.534  INFO 11284 --- [restartedMain] j.LocalContainerEntityManagerFactoryBean : Initialized JPA EntityManagerFactory for persistence unit 'default'
2022-09-03 09:40:15.981  INFO 11284 --- [restartedMain] com.seed.Roleseed                        : Roled Already Added....
2022-09-03 09:40:16.012  WARN 11284 --- [restartedMain] JpaBaseConfiguration$JpaWebConfiguration : spring.jpa.open-in-view is enabled by default. Therefore, database queries may be performed during view rendering. Explicitly configure spring.jpa.open-in-view to disable this warning
2022-09-03 09:40:16.110 DEBUG 11284 --- [restartedMain] s.w.s.m.m.a.RequestMappingHandlerAdapter : ControllerAdvice beans: 0 @ModelAttribute, 0 @InitBinder, 1 RequestBodyAdvice, 1 ResponseBodyAdvice
2022-09-03 09:40:16.171 DEBUG 11284 --- [restartedMain] s.w.s.m.m.a.RequestMappingHandlerMapping : 60 mappings in 'requestMappingHandlerMapping'
2022-09-03 09:40:16.188 DEBUG 11284 --- [restartedMain] o.s.w.s.handler.SimpleUrlHandlerMapping  : Patterns [/webjars/**, /**] in 'resourceHandlerMapping'
2022-09-03 09:40:16.200 DEBUG 11284 --- [restartedMain] .m.m.a.ExceptionHandlerExceptionResolver : ControllerAdvice beans: 0 @ExceptionHandler, 1 ResponseBodyAdvice
2022-09-03 09:40:16.297  INFO 11284 --- [restartedMain] o.s.b.d.a.OptionalLiveReloadServer       : LiveReload server is running on port 35729
2022-09-03 09:40:16.328  INFO 11284 --- [restartedMain] o.s.b.w.embedded.tomcat.TomcatWebServer  : Tomcat started on port(s): 9996 (http) with context path ''
2022-09-03 09:40:16.338  INFO 11284 --- [restartedMain] com.HealthyWaveApplication               : Started HealthyWaveApplication in 3.191 seconds (JVM running for 442.821)
2022-09-03 09:40:16.342  INFO 11284 --- [restartedMain] .ConditionEvaluationDeltaLoggingListener : Condition evaluation unchanged
2022-09-03 09:40:43.341  INFO 11284 --- [File Watcher] rtingClassPathChangeChangedEventListener : Restarting due to 1 class path change (0 additions, 0 deletions, 1 modification)
2022-09-03 09:40:43.387  INFO 11284 --- [Thread-7] o.apache.catalina.core.StandardService   : Stopping service [Tomcat]
2022-09-03 09:40:43.407  INFO 11284 --- [Thread-7] j.LocalContainerEntityManagerFactoryBean : Closing JPA EntityManagerFactory for persistence unit 'default'
2022-09-03 09:40:43.413  INFO 11284 --- [Thread-7] com.zaxxer.hikari.HikariDataSource       : HikariPool-2 - Shutdown initiated...
2022-09-03 09:40:43.423  INFO 11284 --- [Thread-7] com.zaxxer.hikari.HikariDataSource       : HikariPool-2 - Shutdown completed.
2022-09-03 09:40:43.514  INFO 11284 --- [restartedMain] com.HealthyWaveApplication               : info :-> hey server is started? 
2022-09-03 09:40:43.514 ERROR 11284 --- [restartedMain] com.HealthyWaveApplication               : error :-> port error found ..... Please correct....
2022-09-03 09:40:43.596  INFO 11284 --- [restartedMain] com.HealthyWaveApplication               : Starting HealthyWaveApplication using Java 17.0.3 on Mittal_Kumar with PID 11284 (D:\sts\HealthyWave\target\classes started by mitta in D:\sts\HealthyWave)
2022-09-03 09:40:43.596  INFO 11284 --- [restartedMain] com.HealthyWaveApplication               : No active profile set, falling back to 1 default profile: "default"
2022-09-03 09:40:44.506  INFO 11284 --- [restartedMain] .s.d.r.c.RepositoryConfigurationDelegate : Bootstrapping Spring Data JPA repositories in DEFAULT mode.
2022-09-03 09:40:44.696  INFO 11284 --- [restartedMain] .s.d.r.c.RepositoryConfigurationDelegate : Finished Spring Data repository scanning in 189 ms. Found 13 JPA repository interfaces.
2022-09-03 09:40:44.865  INFO 11284 --- [restartedMain] o.s.b.w.embedded.tomcat.TomcatWebServer  : Tomcat initialized with port(s): 9996 (http)
2022-09-03 09:40:44.865  INFO 11284 --- [restartedMain] o.apache.catalina.core.StandardService   : Starting service [Tomcat]
2022-09-03 09:40:44.866  INFO 11284 --- [restartedMain] org.apache.catalina.core.StandardEngine  : Starting Servlet engine: [Apache Tomcat/9.0.65]
2022-09-03 09:40:44.903  INFO 11284 --- [restartedMain] o.a.c.c.C.[Tomcat].[localhost].[/]       : Initializing Spring embedded WebApplicationContext
2022-09-03 09:40:44.903  INFO 11284 --- [restartedMain] w.s.c.ServletWebServerApplicationContext : Root WebApplicationContext: initialization completed in 1302 ms
2022-09-03 09:40:45.001  INFO 11284 --- [restartedMain] o.hibernate.jpa.internal.util.LogHelper  : HHH000204: Processing PersistenceUnitInfo [name: default]
2022-09-03 09:40:45.011  INFO 11284 --- [restartedMain] com.zaxxer.hikari.HikariDataSource       : HikariPool-3 - Starting...
2022-09-03 09:40:45.115  INFO 11284 --- [restartedMain] com.zaxxer.hikari.HikariDataSource       : HikariPool-3 - Start completed.
2022-09-03 09:40:45.118  INFO 11284 --- [restartedMain] org.hibernate.dialect.Dialect            : HHH000400: Using dialect: org.hibernate.dialect.PostgreSQLDialect
2022-09-03 09:40:46.220  INFO 11284 --- [restartedMain] o.h.e.t.j.p.i.JtaPlatformInitiator       : HHH000490: Using JtaPlatform implementation: [org.hibernate.engine.transaction.jta.platform.internal.NoJtaPlatform]
2022-09-03 09:40:46.220  INFO 11284 --- [restartedMain] j.LocalContainerEntityManagerFactoryBean : Initialized JPA EntityManagerFactory for persistence unit 'default'
2022-09-03 09:40:46.534  INFO 11284 --- [restartedMain] com.seed.Roleseed                        : Roled Already Added....
2022-09-03 09:40:46.550  WARN 11284 --- [restartedMain] JpaBaseConfiguration$JpaWebConfiguration : spring.jpa.open-in-view is enabled by default. Therefore, database queries may be performed during view rendering. Explicitly configure spring.jpa.open-in-view to disable this warning
2022-09-03 09:40:46.622 DEBUG 11284 --- [restartedMain] s.w.s.m.m.a.RequestMappingHandlerAdapter : ControllerAdvice beans: 0 @ModelAttribute, 0 @InitBinder, 1 RequestBodyAdvice, 1 ResponseBodyAdvice
2022-09-03 09:40:46.668 DEBUG 11284 --- [restartedMain] s.w.s.m.m.a.RequestMappingHandlerMapping : 60 mappings in 'requestMappingHandlerMapping'
2022-09-03 09:40:46.682 DEBUG 11284 --- [restartedMain] o.s.w.s.handler.SimpleUrlHandlerMapping  : Patterns [/webjars/**, /**] in 'resourceHandlerMapping'
2022-09-03 09:40:46.700 DEBUG 11284 --- [restartedMain] .m.m.a.ExceptionHandlerExceptionResolver : ControllerAdvice beans: 0 @ExceptionHandler, 1 ResponseBodyAdvice
2022-09-03 09:40:46.795  INFO 11284 --- [restartedMain] o.s.b.d.a.OptionalLiveReloadServer       : LiveReload server is running on port 35729
2022-09-03 09:40:46.826  INFO 11284 --- [restartedMain] o.s.b.w.embedded.tomcat.TomcatWebServer  : Tomcat started on port(s): 9996 (http) with context path ''
2022-09-03 09:40:46.849  INFO 11284 --- [restartedMain] com.HealthyWaveApplication               : Started HealthyWaveApplication in 3.328 seconds (JVM running for 473.332)
2022-09-03 09:40:46.858  INFO 11284 --- [restartedMain] .ConditionEvaluationDeltaLoggingListener : Condition evaluation unchanged
2022-09-03 09:40:47.281  INFO 11284 --- [http-nio-9996-exec-2] o.a.c.c.C.[Tomcat].[localhost].[/]       : Initializing Spring DispatcherServlet 'dispatcherServlet'
2022-09-03 09:40:47.281  INFO 11284 --- [http-nio-9996-exec-2] o.s.web.servlet.DispatcherServlet        : Initializing Servlet 'dispatcherServlet'
2022-09-03 09:40:47.281 DEBUG 11284 --- [http-nio-9996-exec-2] o.s.web.servlet.DispatcherServlet        : Detected StandardServletMultipartResolver
2022-09-03 09:40:47.281 DEBUG 11284 --- [http-nio-9996-exec-2] o.s.web.servlet.DispatcherServlet        : Detected AcceptHeaderLocaleResolver
2022-09-03 09:40:47.282 DEBUG 11284 --- [http-nio-9996-exec-2] o.s.web.servlet.DispatcherServlet        : Detected FixedThemeResolver
2022-09-03 09:40:47.283 DEBUG 11284 --- [http-nio-9996-exec-2] o.s.web.servlet.DispatcherServlet        : Detected org.springframework.web.servlet.view.DefaultRequestToViewNameTranslator@5a2d0b93
2022-09-03 09:40:47.283 DEBUG 11284 --- [http-nio-9996-exec-2] o.s.web.servlet.DispatcherServlet        : Detected org.springframework.web.servlet.support.SessionFlashMapManager@524d5510
2022-09-03 09:40:47.284 DEBUG 11284 --- [http-nio-9996-exec-2] o.s.web.servlet.DispatcherServlet        : enableLoggingRequestDetails='false': request parameters and headers will be masked to prevent unsafe logging of potentially sensitive data
2022-09-03 09:40:47.284  INFO 11284 --- [http-nio-9996-exec-2] o.s.web.servlet.DispatcherServlet        : Completed initialization in 3 ms
2022-09-03 09:40:47.284 DEBUG 11284 --- [http-nio-9996-exec-2] o.s.web.servlet.DispatcherServlet        : GET "/doctor", parameters={}
2022-09-03 09:40:47.285 DEBUG 11284 --- [http-nio-9996-exec-2] s.w.s.m.m.a.RequestMappingHandlerMapping : Mapped to com.controller.DoctorController#getAllDoctors()
2022-09-03 09:40:47.337 DEBUG 11284 --- [http-nio-9996-exec-2] o.s.w.s.m.m.a.HttpEntityMethodProcessor  : Using 'application/json', given [*/*] and supported [application/json, application/*+json, application/json, application/*+json]
2022-09-03 09:40:47.338 DEBUG 11284 --- [http-nio-9996-exec-2] o.s.w.s.m.m.a.HttpEntityMethodProcessor  : Writing [com.bean.ResponseBean@466f521c]
2022-09-03 09:40:47.362 DEBUG 11284 --- [http-nio-9996-exec-2] o.s.web.servlet.DispatcherServlet        : Completed 200 OK
2022-09-03 09:44:46.221 DEBUG 11284 --- [http-nio-9996-exec-5] o.s.web.servlet.DispatcherServlet        : GET "/symptom", parameters={}
2022-09-03 09:44:46.224 DEBUG 11284 --- [http-nio-9996-exec-5] s.w.s.m.m.a.RequestMappingHandlerMapping : Mapped to com.controller.SymptomController#getAllSymptoms()
2022-09-03 09:44:46.241 DEBUG 11284 --- [http-nio-9996-exec-5] o.s.w.s.m.m.a.HttpEntityMethodProcessor  : Using 'application/json', given [*/*] and supported [application/json, application/*+json, application/json, application/*+json]
2022-09-03 09:44:46.242 DEBUG 11284 --- [http-nio-9996-exec-5] o.s.w.s.m.m.a.HttpEntityMethodProcessor  : Writing [com.bean.ResponseBean@1d2e4e24]
2022-09-03 09:44:46.245 DEBUG 11284 --- [http-nio-9996-exec-5] o.s.web.servlet.DispatcherServlet        : Completed 400 BAD_REQUEST
2022-09-03 09:44:55.258 DEBUG 11284 --- [http-nio-9996-exec-7] o.s.web.servlet.DispatcherServlet        : POST "/symptom", parameters={}
2022-09-03 09:44:55.259 DEBUG 11284 --- [http-nio-9996-exec-7] s.w.s.m.m.a.RequestMappingHandlerMapping : Mapped to com.controller.SymptomController#addSymptom(SymptomBean, BindingResult)
2022-09-03 09:44:55.379 DEBUG 11284 --- [http-nio-9996-exec-7] m.m.a.RequestResponseBodyMethodProcessor : Read "application/json;charset=UTF-8" to [com.bean.SymptomBean@5f839d4a]
2022-09-03 09:44:55.574 DEBUG 11284 --- [http-nio-9996-exec-7] o.s.w.s.m.m.a.HttpEntityMethodProcessor  : Using 'application/json', given [*/*] and supported [application/json, application/*+json, application/json, application/*+json]
2022-09-03 09:44:55.575 DEBUG 11284 --- [http-nio-9996-exec-7] o.s.w.s.m.m.a.HttpEntityMethodProcessor  : Writing [com.bean.ResponseBean@3159e0cc]
2022-09-03 09:44:55.579 DEBUG 11284 --- [http-nio-9996-exec-7] o.s.web.servlet.DispatcherServlet        : Completed 200 OK
2022-09-03 09:45:23.490 DEBUG 11284 --- [http-nio-9996-exec-8] o.s.web.servlet.DispatcherServlet        : POST "/symptom", parameters={}
2022-09-03 09:45:23.491 DEBUG 11284 --- [http-nio-9996-exec-8] s.w.s.m.m.a.RequestMappingHandlerMapping : Mapped to com.controller.SymptomController#addSymptom(SymptomBean, BindingResult)
2022-09-03 09:45:23.492 DEBUG 11284 --- [http-nio-9996-exec-8] m.m.a.RequestResponseBodyMethodProcessor : Read "application/json;charset=UTF-8" to [com.bean.SymptomBean@4ef2e639]
2022-09-03 09:45:23.501 DEBUG 11284 --- [http-nio-9996-exec-8] o.s.w.s.m.m.a.HttpEntityMethodProcessor  : Using 'application/json', given [*/*] and supported [application/json, application/*+json, application/json, application/*+json]
2022-09-03 09:45:23.501 DEBUG 11284 --- [http-nio-9996-exec-8] o.s.w.s.m.m.a.HttpEntityMethodProcessor  : Writing [com.bean.ResponseBean@1080bac]
2022-09-03 09:45:23.504 DEBUG 11284 --- [http-nio-9996-exec-8] o.s.web.servlet.DispatcherServlet        : Completed 200 OK
2022-09-03 09:45:32.384 DEBUG 11284 --- [http-nio-9996-exec-9] o.s.web.servlet.DispatcherServlet        : GET "/patient", parameters={}
2022-09-03 09:45:32.386 DEBUG 11284 --- [http-nio-9996-exec-9] s.w.s.m.m.a.RequestMappingHandlerMapping : Mapped to com.controller.PatientController#getAllPatients()
2022-09-03 09:45:32.407 DEBUG 11284 --- [http-nio-9996-exec-9] o.s.w.s.m.m.a.HttpEntityMethodProcessor  : Using 'application/json', given [*/*] and supported [application/json, application/*+json, application/json, application/*+json]
2022-09-03 09:45:32.408 DEBUG 11284 --- [http-nio-9996-exec-9] o.s.w.s.m.m.a.HttpEntityMethodProcessor  : Writing [com.bean.ResponseBean@53d99e7f]
2022-09-03 09:45:32.409 DEBUG 11284 --- [http-nio-9996-exec-9] o.s.web.servlet.DispatcherServlet        : Completed 400 BAD_REQUEST
2022-09-03 09:45:52.566 DEBUG 11284 --- [http-nio-9996-exec-1] o.s.web.servlet.DispatcherServlet        : GET "/city", parameters={}
2022-09-03 09:45:52.566 DEBUG 11284 --- [http-nio-9996-exec-1] s.w.s.m.m.a.RequestMappingHandlerMapping : Mapped to com.controller.CityController#getAllCity()
2022-09-03 09:45:52.580 DEBUG 11284 --- [http-nio-9996-exec-1] o.s.w.s.m.m.a.HttpEntityMethodProcessor  : Using 'application/json', given [*/*] and supported [application/json, application/*+json, application/json, application/*+json]
2022-09-03 09:45:52.580 DEBUG 11284 --- [http-nio-9996-exec-1] o.s.w.s.m.m.a.HttpEntityMethodProcessor  : Writing [com.bean.ResponseBean@31dca214]
2022-09-03 09:45:52.584 DEBUG 11284 --- [http-nio-9996-exec-1] o.s.web.servlet.DispatcherServlet        : Completed 200 OK
2022-09-03 09:46:58.052 DEBUG 11284 --- [http-nio-9996-exec-3] o.s.web.servlet.DispatcherServlet        : POST "/patient", parameters={}
2022-09-03 09:46:58.053 DEBUG 11284 --- [http-nio-9996-exec-3] s.w.s.m.m.a.RequestMappingHandlerMapping : Mapped to com.controller.PatientController#addPatient(PatientBean, BindingResult)
2022-09-03 09:46:58.108 DEBUG 11284 --- [http-nio-9996-exec-3] m.m.a.RequestResponseBodyMethodProcessor : Read "application/json;charset=UTF-8" to [com.bean.PatientBean@1897d14b]
2022-09-03 09:46:58.318 DEBUG 11284 --- [http-nio-9996-exec-3] o.s.w.s.m.m.a.HttpEntityMethodProcessor  : Using 'application/json', given [*/*] and supported [application/json, application/*+json, application/json, application/*+json]
2022-09-03 09:46:58.318 DEBUG 11284 --- [http-nio-9996-exec-3] o.s.w.s.m.m.a.HttpEntityMethodProcessor  : Writing [com.bean.ResponseBean@3ac0de7b]
2022-09-03 09:46:58.355 DEBUG 11284 --- [http-nio-9996-exec-3] o.s.web.servlet.DispatcherServlet        : Completed 200 OK
2022-09-03 09:47:31.516 DEBUG 11284 --- [http-nio-9996-exec-5] o.s.web.servlet.DispatcherServlet        : GET "/symptom", parameters={}
2022-09-03 09:47:31.517 DEBUG 11284 --- [http-nio-9996-exec-5] s.w.s.m.m.a.RequestMappingHandlerMapping : Mapped to com.controller.SymptomController#getAllSymptoms()
2022-09-03 09:47:31.525 DEBUG 11284 --- [http-nio-9996-exec-5] o.s.w.s.m.m.a.HttpEntityMethodProcessor  : Using 'application/json', given [*/*] and supported [application/json, application/*+json, application/json, application/*+json]
2022-09-03 09:47:31.525 DEBUG 11284 --- [http-nio-9996-exec-5] o.s.w.s.m.m.a.HttpEntityMethodProcessor  : Writing [com.bean.ResponseBean@9b0545e]
2022-09-03 09:47:31.534 DEBUG 11284 --- [http-nio-9996-exec-5] o.s.web.servlet.DispatcherServlet        : Completed 200 OK
2022-09-03 09:47:59.353 DEBUG 11284 --- [http-nio-9996-exec-6] o.s.web.servlet.DispatcherServlet        : POST "/patientsymptoms", parameters={}
2022-09-03 09:47:59.355 DEBUG 11284 --- [http-nio-9996-exec-6] s.w.s.m.m.a.RequestMappingHandlerMapping : Mapped to com.controller.PatientSymptomController#addPatientSymptoms(PatientSymptomBean)
2022-09-03 09:47:59.366 DEBUG 11284 --- [http-nio-9996-exec-6] o.s.web.method.HandlerMethod             : Could not resolve parameter [0] in public org.springframework.http.ResponseEntity<?> com.controller.PatientSymptomController.addPatientSymptoms(com.bean.PatientSymptomBean): JSON parse error: Cannot deserialize value of type `java.util.ArrayList<java.util.UUID>` from Object value (token `JsonToken.START_OBJECT`); nested exception is com.fasterxml.jackson.databind.exc.MismatchedInputException: Cannot deserialize value of type `java.util.ArrayList<java.util.UUID>` from Object value (token `JsonToken.START_OBJECT`)
 at [Source: (org.springframework.util.StreamUtils$NonClosingInputStream); line: 3, column: 17] (through reference chain: com.bean.PatientSymptomBean["symptomId"])
2022-09-03 09:47:59.370  WARN 11284 --- [http-nio-9996-exec-6] .w.s.m.s.DefaultHandlerExceptionResolver : Resolved [org.springframework.http.converter.HttpMessageNotReadableException: JSON parse error: Cannot deserialize value of type `java.util.ArrayList<java.util.UUID>` from Object value (token `JsonToken.START_OBJECT`); nested exception is com.fasterxml.jackson.databind.exc.MismatchedInputException: Cannot deserialize value of type `java.util.ArrayList<java.util.UUID>` from Object value (token `JsonToken.START_OBJECT`)<EOL> at [Source: (org.springframework.util.StreamUtils$NonClosingInputStream); line: 3, column: 17] (through reference chain: com.bean.PatientSymptomBean["symptomId"])]
2022-09-03 09:47:59.370 DEBUG 11284 --- [http-nio-9996-exec-6] o.s.web.servlet.DispatcherServlet        : Completed 400 BAD_REQUEST
2022-09-03 09:47:59.378 DEBUG 11284 --- [http-nio-9996-exec-6] o.s.web.servlet.DispatcherServlet        : "ERROR" dispatch for POST "/error", parameters={}
2022-09-03 09:47:59.384 DEBUG 11284 --- [http-nio-9996-exec-6] s.w.s.m.m.a.RequestMappingHandlerMapping : Mapped to org.springframework.boot.autoconfigure.web.servlet.error.BasicErrorController#error(HttpServletRequest)
2022-09-03 09:47:59.394 DEBUG 11284 --- [http-nio-9996-exec-6] o.s.w.s.m.m.a.HttpEntityMethodProcessor  : Using 'application/json', given [*/*] and supported [application/json, application/*+json, application/json, application/*+json]
2022-09-03 09:47:59.395 DEBUG 11284 --- [http-nio-9996-exec-6] o.s.w.s.m.m.a.HttpEntityMethodProcessor  : Writing [{timestamp=Sat Sep 03 09:47:59 IST 2022, status=400, error=Bad Request, trace=org.springframework.ht (truncated)...]
2022-09-03 09:47:59.415 DEBUG 11284 --- [http-nio-9996-exec-6] o.s.web.servlet.DispatcherServlet        : Exiting from "ERROR" dispatch, status 400
2022-09-03 09:52:02.067  INFO 11284 --- [File Watcher] rtingClassPathChangeChangedEventListener : Restarting due to 1 class path change (0 additions, 0 deletions, 1 modification)
2022-09-03 09:52:02.100  INFO 11284 --- [Thread-11] o.apache.catalina.core.StandardService   : Stopping service [Tomcat]
2022-09-03 09:52:02.101  INFO 11284 --- [Thread-11] o.a.c.c.C.[Tomcat].[localhost].[/]       : Destroying Spring FrameworkServlet 'dispatcherServlet'
2022-09-03 09:52:02.111  INFO 11284 --- [Thread-11] j.LocalContainerEntityManagerFactoryBean : Closing JPA EntityManagerFactory for persistence unit 'default'
2022-09-03 09:52:02.113  INFO 11284 --- [Thread-11] com.zaxxer.hikari.HikariDataSource       : HikariPool-3 - Shutdown initiated...
2022-09-03 09:52:02.116  INFO 11284 --- [Thread-11] com.zaxxer.hikari.HikariDataSource       : HikariPool-3 - Shutdown completed.
2022-09-03 09:52:02.206  INFO 11284 --- [restartedMain] com.HealthyWaveApplication               : info :-> hey server is started? 
2022-09-03 09:52:02.206 ERROR 11284 --- [restartedMain] com.HealthyWaveApplication               : error :-> port error found ..... Please correct....
2022-09-03 09:52:02.303  INFO 11284 --- [restartedMain] com.HealthyWaveApplication               : Starting HealthyWaveApplication using Java 17.0.3 on Mittal_Kumar with PID 11284 (D:\sts\HealthyWave\target\classes started by mitta in D:\sts\HealthyWave)
2022-09-03 09:52:02.304  INFO 11284 --- [restartedMain] com.HealthyWaveApplication               : No active profile set, falling back to 1 default profile: "default"
2022-09-03 09:52:03.217  INFO 11284 --- [restartedMain] .s.d.r.c.RepositoryConfigurationDelegate : Bootstrapping Spring Data JPA repositories in DEFAULT mode.
2022-09-03 09:52:03.463  INFO 11284 --- [restartedMain] .s.d.r.c.RepositoryConfigurationDelegate : Finished Spring Data repository scanning in 245 ms. Found 13 JPA repository interfaces.
2022-09-03 09:52:03.707  INFO 11284 --- [restartedMain] o.s.b.w.embedded.tomcat.TomcatWebServer  : Tomcat initialized with port(s): 9996 (http)
2022-09-03 09:52:03.709  INFO 11284 --- [restartedMain] o.apache.catalina.core.StandardService   : Starting service [Tomcat]
2022-09-03 09:52:03.709  INFO 11284 --- [restartedMain] org.apache.catalina.core.StandardEngine  : Starting Servlet engine: [Apache Tomcat/9.0.65]
2022-09-03 09:52:03.750  INFO 11284 --- [restartedMain] o.a.c.c.C.[Tomcat].[localhost].[/]       : Initializing Spring embedded WebApplicationContext
2022-09-03 09:52:03.750  INFO 11284 --- [restartedMain] w.s.c.ServletWebServerApplicationContext : Root WebApplicationContext: initialization completed in 1431 ms
2022-09-03 09:52:03.862  INFO 11284 --- [restartedMain] o.hibernate.jpa.internal.util.LogHelper  : HHH000204: Processing PersistenceUnitInfo [name: default]
2022-09-03 09:52:03.869  INFO 11284 --- [restartedMain] com.zaxxer.hikari.HikariDataSource       : HikariPool-4 - Starting...
2022-09-03 09:52:03.991  INFO 11284 --- [restartedMain] com.zaxxer.hikari.HikariDataSource       : HikariPool-4 - Start completed.
2022-09-03 09:52:03.992  INFO 11284 --- [restartedMain] org.hibernate.dialect.Dialect            : HHH000400: Using dialect: org.hibernate.dialect.PostgreSQLDialect
2022-09-03 09:52:04.962  INFO 11284 --- [restartedMain] o.h.e.t.j.p.i.JtaPlatformInitiator       : HHH000490: Using JtaPlatform implementation: [org.hibernate.engine.transaction.jta.platform.internal.NoJtaPlatform]
2022-09-03 09:52:04.963  INFO 11284 --- [restartedMain] j.LocalContainerEntityManagerFactoryBean : Initialized JPA EntityManagerFactory for persistence unit 'default'
2022-09-03 09:52:05.432  INFO 11284 --- [restartedMain] com.seed.Roleseed                        : Roled Already Added....
2022-09-03 09:52:05.455  WARN 11284 --- [restartedMain] JpaBaseConfiguration$JpaWebConfiguration : spring.jpa.open-in-view is enabled by default. Therefore, database queries may be performed during view rendering. Explicitly configure spring.jpa.open-in-view to disable this warning
2022-09-03 09:52:05.580 DEBUG 11284 --- [restartedMain] s.w.s.m.m.a.RequestMappingHandlerAdapter : ControllerAdvice beans: 0 @ModelAttribute, 0 @InitBinder, 1 RequestBodyAdvice, 1 ResponseBodyAdvice
2022-09-03 09:52:05.625 DEBUG 11284 --- [restartedMain] s.w.s.m.m.a.RequestMappingHandlerMapping : 60 mappings in 'requestMappingHandlerMapping'
2022-09-03 09:52:05.644 DEBUG 11284 --- [restartedMain] o.s.w.s.handler.SimpleUrlHandlerMapping  : Patterns [/webjars/**, /**] in 'resourceHandlerMapping'
2022-09-03 09:52:05.661 DEBUG 11284 --- [restartedMain] .m.m.a.ExceptionHandlerExceptionResolver : ControllerAdvice beans: 0 @ExceptionHandler, 1 ResponseBodyAdvice
2022-09-03 09:52:05.735  INFO 11284 --- [restartedMain] o.s.b.d.a.OptionalLiveReloadServer       : LiveReload server is running on port 35729
2022-09-03 09:52:05.758  INFO 11284 --- [restartedMain] o.s.b.w.embedded.tomcat.TomcatWebServer  : Tomcat started on port(s): 9996 (http) with context path ''
2022-09-03 09:52:05.768  INFO 11284 --- [restartedMain] com.HealthyWaveApplication               : Started HealthyWaveApplication in 3.553 seconds (JVM running for 1152.251)
2022-09-03 09:52:05.773  INFO 11284 --- [restartedMain] .ConditionEvaluationDeltaLoggingListener : Condition evaluation unchanged
2022-09-03 09:52:17.458  INFO 11284 --- [File Watcher] rtingClassPathChangeChangedEventListener : Restarting due to 2 class path changes (0 additions, 0 deletions, 2 modifications)
2022-09-03 09:52:17.490  INFO 11284 --- [Thread-15] o.apache.catalina.core.StandardService   : Stopping service [Tomcat]
2022-09-03 09:52:17.506  INFO 11284 --- [Thread-15] j.LocalContainerEntityManagerFactoryBean : Closing JPA EntityManagerFactory for persistence unit 'default'
2022-09-03 09:52:17.507  INFO 11284 --- [Thread-15] com.zaxxer.hikari.HikariDataSource       : HikariPool-4 - Shutdown initiated...
2022-09-03 09:52:17.510  INFO 11284 --- [Thread-15] com.zaxxer.hikari.HikariDataSource       : HikariPool-4 - Shutdown completed.
2022-09-03 09:52:17.618  INFO 11284 --- [restartedMain] com.HealthyWaveApplication               : info :-> hey server is started? 
2022-09-03 09:52:17.618 ERROR 11284 --- [restartedMain] com.HealthyWaveApplication               : error :-> port error found ..... Please correct....
2022-09-03 09:52:17.725  INFO 11284 --- [restartedMain] com.HealthyWaveApplication               : Starting HealthyWaveApplication using Java 17.0.3 on Mittal_Kumar with PID 11284 (D:\sts\HealthyWave\target\classes started by mitta in D:\sts\HealthyWave)
2022-09-03 09:52:17.725  INFO 11284 --- [restartedMain] com.HealthyWaveApplication               : No active profile set, falling back to 1 default profile: "default"
2022-09-03 09:52:18.493  INFO 11284 --- [restartedMain] .s.d.r.c.RepositoryConfigurationDelegate : Bootstrapping Spring Data JPA repositories in DEFAULT mode.
2022-09-03 09:52:18.661  INFO 11284 --- [restartedMain] .s.d.r.c.RepositoryConfigurationDelegate : Finished Spring Data repository scanning in 168 ms. Found 13 JPA repository interfaces.
2022-09-03 09:52:18.842  INFO 11284 --- [restartedMain] o.s.b.w.embedded.tomcat.TomcatWebServer  : Tomcat initialized with port(s): 9996 (http)
2022-09-03 09:52:18.842  INFO 11284 --- [restartedMain] o.apache.catalina.core.StandardService   : Starting service [Tomcat]
2022-09-03 09:52:18.843  INFO 11284 --- [restartedMain] org.apache.catalina.core.StandardEngine  : Starting Servlet engine: [Apache Tomcat/9.0.65]
2022-09-03 09:52:18.875  INFO 11284 --- [restartedMain] o.a.c.c.C.[Tomcat].[localhost].[/]       : Initializing Spring embedded WebApplicationContext
2022-09-03 09:52:18.875  INFO 11284 --- [restartedMain] w.s.c.ServletWebServerApplicationContext : Root WebApplicationContext: initialization completed in 1135 ms
2022-09-03 09:52:19.017  INFO 11284 --- [restartedMain] o.hibernate.jpa.internal.util.LogHelper  : HHH000204: Processing PersistenceUnitInfo [name: default]
2022-09-03 09:52:19.036  INFO 11284 --- [restartedMain] com.zaxxer.hikari.HikariDataSource       : HikariPool-5 - Starting...
2022-09-03 09:52:19.121  INFO 11284 --- [restartedMain] com.zaxxer.hikari.HikariDataSource       : HikariPool-5 - Start completed.
2022-09-03 09:52:19.122  INFO 11284 --- [restartedMain] org.hibernate.dialect.Dialect            : HHH000400: Using dialect: org.hibernate.dialect.PostgreSQLDialect
2022-09-03 09:52:19.904  INFO 11284 --- [restartedMain] o.h.e.t.j.p.i.JtaPlatformInitiator       : HHH000490: Using JtaPlatform implementation: [org.hibernate.engine.transaction.jta.platform.internal.NoJtaPlatform]
2022-09-03 09:52:19.905  INFO 11284 --- [restartedMain] j.LocalContainerEntityManagerFactoryBean : Initialized JPA EntityManagerFactory for persistence unit 'default'
2022-09-03 09:52:20.227  INFO 11284 --- [restartedMain] com.seed.Roleseed                        : Roled Already Added....
2022-09-03 09:52:20.245  WARN 11284 --- [restartedMain] JpaBaseConfiguration$JpaWebConfiguration : spring.jpa.open-in-view is enabled by default. Therefore, database queries may be performed during view rendering. Explicitly configure spring.jpa.open-in-view to disable this warning
2022-09-03 09:52:20.336 DEBUG 11284 --- [restartedMain] s.w.s.m.m.a.RequestMappingHandlerAdapter : ControllerAdvice beans: 0 @ModelAttribute, 0 @InitBinder, 1 RequestBodyAdvice, 1 ResponseBodyAdvice
2022-09-03 09:52:20.371 DEBUG 11284 --- [restartedMain] s.w.s.m.m.a.RequestMappingHandlerMapping : 60 mappings in 'requestMappingHandlerMapping'
2022-09-03 09:52:20.382 DEBUG 11284 --- [restartedMain] o.s.w.s.handler.SimpleUrlHandlerMapping  : Patterns [/webjars/**, /**] in 'resourceHandlerMapping'
2022-09-03 09:52:20.389 DEBUG 11284 --- [restartedMain] .m.m.a.ExceptionHandlerExceptionResolver : ControllerAdvice beans: 0 @ExceptionHandler, 1 ResponseBodyAdvice
2022-09-03 09:52:20.448  INFO 11284 --- [restartedMain] o.s.b.d.a.OptionalLiveReloadServer       : LiveReload server is running on port 35729
2022-09-03 09:52:20.476  INFO 11284 --- [restartedMain] o.s.b.w.embedded.tomcat.TomcatWebServer  : Tomcat started on port(s): 9996 (http) with context path ''
2022-09-03 09:52:20.491  INFO 11284 --- [restartedMain] com.HealthyWaveApplication               : Started HealthyWaveApplication in 2.864 seconds (JVM running for 1166.974)
2022-09-03 09:52:20.494  INFO 11284 --- [restartedMain] .ConditionEvaluationDeltaLoggingListener : Condition evaluation unchanged
2022-09-03 09:52:38.291  INFO 11284 --- [File Watcher] rtingClassPathChangeChangedEventListener : Restarting due to 1 class path change (0 additions, 0 deletions, 1 modification)
2022-09-03 09:52:38.318  INFO 11284 --- [Thread-19] o.apache.catalina.core.StandardService   : Stopping service [Tomcat]
2022-09-03 09:52:38.328  INFO 11284 --- [Thread-19] j.LocalContainerEntityManagerFactoryBean : Closing JPA EntityManagerFactory for persistence unit 'default'
2022-09-03 09:52:38.329  INFO 11284 --- [Thread-19] com.zaxxer.hikari.HikariDataSource       : HikariPool-5 - Shutdown initiated...
2022-09-03 09:52:38.333  INFO 11284 --- [Thread-19] com.zaxxer.hikari.HikariDataSource       : HikariPool-5 - Shutdown completed.
2022-09-03 09:52:38.435  INFO 11284 --- [restartedMain] com.HealthyWaveApplication               : info :-> hey server is started? 
2022-09-03 09:52:38.435 ERROR 11284 --- [restartedMain] com.HealthyWaveApplication               : error :-> port error found ..... Please correct....
2022-09-03 09:52:38.513  INFO 11284 --- [restartedMain] com.HealthyWaveApplication               : Starting HealthyWaveApplication using Java 17.0.3 on Mittal_Kumar with PID 11284 (D:\sts\HealthyWave\target\classes started by mitta in D:\sts\HealthyWave)
2022-09-03 09:52:38.513  INFO 11284 --- [restartedMain] com.HealthyWaveApplication               : No active profile set, falling back to 1 default profile: "default"
2022-09-03 09:52:39.448  INFO 11284 --- [restartedMain] .s.d.r.c.RepositoryConfigurationDelegate : Bootstrapping Spring Data JPA repositories in DEFAULT mode.
2022-09-03 09:52:39.665  INFO 11284 --- [restartedMain] .s.d.r.c.RepositoryConfigurationDelegate : Finished Spring Data repository scanning in 216 ms. Found 13 JPA repository interfaces.
2022-09-03 09:52:39.907  INFO 11284 --- [restartedMain] o.s.b.w.embedded.tomcat.TomcatWebServer  : Tomcat initialized with port(s): 9996 (http)
2022-09-03 09:52:39.908  INFO 11284 --- [restartedMain] o.apache.catalina.core.StandardService   : Starting service [Tomcat]
2022-09-03 09:52:39.908  INFO 11284 --- [restartedMain] org.apache.catalina.core.StandardEngine  : Starting Servlet engine: [Apache Tomcat/9.0.65]
2022-09-03 09:52:39.977  INFO 11284 --- [restartedMain] o.a.c.c.C.[Tomcat].[localhost].[/]       : Initializing Spring embedded WebApplicationContext
2022-09-03 09:52:39.978  INFO 11284 --- [restartedMain] w.s.c.ServletWebServerApplicationContext : Root WebApplicationContext: initialization completed in 1460 ms
2022-09-03 09:52:40.109  INFO 11284 --- [restartedMain] o.hibernate.jpa.internal.util.LogHelper  : HHH000204: Processing PersistenceUnitInfo [name: default]
2022-09-03 09:52:40.126  INFO 11284 --- [restartedMain] com.zaxxer.hikari.HikariDataSource       : HikariPool-6 - Starting...
2022-09-03 09:52:40.232  INFO 11284 --- [restartedMain] com.zaxxer.hikari.HikariDataSource       : HikariPool-6 - Start completed.
2022-09-03 09:52:40.234  INFO 11284 --- [restartedMain] org.hibernate.dialect.Dialect            : HHH000400: Using dialect: org.hibernate.dialect.PostgreSQLDialect
2022-09-03 09:52:41.036  INFO 11284 --- [restartedMain] o.h.e.t.j.p.i.JtaPlatformInitiator       : HHH000490: Using JtaPlatform implementation: [org.hibernate.engine.transaction.jta.platform.internal.NoJtaPlatform]
2022-09-03 09:52:41.037  INFO 11284 --- [restartedMain] j.LocalContainerEntityManagerFactoryBean : Initialized JPA EntityManagerFactory for persistence unit 'default'
2022-09-03 09:52:41.421  INFO 11284 --- [restartedMain] com.seed.Roleseed                        : Roled Already Added....
2022-09-03 09:52:41.462  WARN 11284 --- [restartedMain] JpaBaseConfiguration$JpaWebConfiguration : spring.jpa.open-in-view is enabled by default. Therefore, database queries may be performed during view rendering. Explicitly configure spring.jpa.open-in-view to disable this warning
2022-09-03 09:52:41.547 DEBUG 11284 --- [restartedMain] s.w.s.m.m.a.RequestMappingHandlerAdapter : ControllerAdvice beans: 0 @ModelAttribute, 0 @InitBinder, 1 RequestBodyAdvice, 1 ResponseBodyAdvice
2022-09-03 09:52:41.581 DEBUG 11284 --- [restartedMain] s.w.s.m.m.a.RequestMappingHandlerMapping : 60 mappings in 'requestMappingHandlerMapping'
2022-09-03 09:52:41.589 DEBUG 11284 --- [restartedMain] o.s.w.s.handler.SimpleUrlHandlerMapping  : Patterns [/webjars/**, /**] in 'resourceHandlerMapping'
2022-09-03 09:52:41.600 DEBUG 11284 --- [restartedMain] .m.m.a.ExceptionHandlerExceptionResolver : ControllerAdvice beans: 0 @ExceptionHandler, 1 ResponseBodyAdvice
2022-09-03 09:52:41.636  INFO 11284 --- [restartedMain] o.s.b.d.a.OptionalLiveReloadServer       : LiveReload server is running on port 35729
2022-09-03 09:52:41.667  INFO 11284 --- [restartedMain] o.s.b.w.embedded.tomcat.TomcatWebServer  : Tomcat started on port(s): 9996 (http) with context path ''
2022-09-03 09:52:41.689  INFO 11284 --- [restartedMain] com.HealthyWaveApplication               : Started HealthyWaveApplication in 3.246 seconds (JVM running for 1188.172)
2022-09-03 09:52:41.692  INFO 11284 --- [restartedMain] .ConditionEvaluationDeltaLoggingListener : Condition evaluation unchanged
2022-09-03 09:53:57.570  INFO 11284 --- [http-nio-9996-exec-3] o.a.c.c.C.[Tomcat].[localhost].[/]       : Initializing Spring DispatcherServlet 'dispatcherServlet'
2022-09-03 09:53:57.571  INFO 11284 --- [http-nio-9996-exec-3] o.s.web.servlet.DispatcherServlet        : Initializing Servlet 'dispatcherServlet'
2022-09-03 09:53:57.571 DEBUG 11284 --- [http-nio-9996-exec-3] o.s.web.servlet.DispatcherServlet        : Detected StandardServletMultipartResolver
2022-09-03 09:53:57.571 DEBUG 11284 --- [http-nio-9996-exec-3] o.s.web.servlet.DispatcherServlet        : Detected AcceptHeaderLocaleResolver
2022-09-03 09:53:57.571 DEBUG 11284 --- [http-nio-9996-exec-3] o.s.web.servlet.DispatcherServlet        : Detected FixedThemeResolver
2022-09-03 09:53:57.572 DEBUG 11284 --- [http-nio-9996-exec-3] o.s.web.servlet.DispatcherServlet        : Detected org.springframework.web.servlet.view.DefaultRequestToViewNameTranslator@77e61ee3
2022-09-03 09:53:57.573 DEBUG 11284 --- [http-nio-9996-exec-3] o.s.web.servlet.DispatcherServlet        : Detected org.springframework.web.servlet.support.SessionFlashMapManager@56b66bba
2022-09-03 09:53:57.573 DEBUG 11284 --- [http-nio-9996-exec-3] o.s.web.servlet.DispatcherServlet        : enableLoggingRequestDetails='false': request parameters and headers will be masked to prevent unsafe logging of potentially sensitive data
2022-09-03 09:53:57.573  INFO 11284 --- [http-nio-9996-exec-3] o.s.web.servlet.DispatcherServlet        : Completed initialization in 2 ms
2022-09-03 09:53:57.574 DEBUG 11284 --- [http-nio-9996-exec-3] o.s.web.servlet.DispatcherServlet        : POST "/patientsymptoms", parameters={}
2022-09-03 09:53:57.575 DEBUG 11284 --- [http-nio-9996-exec-3] s.w.s.m.m.a.RequestMappingHandlerMapping : Mapped to com.controller.PatientSymptomController#addPatientSymptoms(PatientSymptomBean)
2022-09-03 09:53:57.581 DEBUG 11284 --- [http-nio-9996-exec-3] m.m.a.RequestResponseBodyMethodProcessor : Read "application/json;charset=UTF-8" to [com.bean.PatientSymptomBean@4fa0be09]
2022-09-03 09:53:57.725 DEBUG 11284 --- [http-nio-9996-exec-3] o.s.w.s.m.m.a.HttpEntityMethodProcessor  : Using 'application/json', given [*/*] and supported [application/json, application/*+json, application/json, application/*+json]
2022-09-03 09:53:57.725 DEBUG 11284 --- [http-nio-9996-exec-3] o.s.w.s.m.m.a.HttpEntityMethodProcessor  : Writing [com.bean.PatientBean@2b94e71f]
2022-09-03 09:53:57.762 DEBUG 11284 --- [http-nio-9996-exec-3] o.s.web.servlet.DispatcherServlet        : Completed 200 OK
